<?xml version="1.0" encoding="UTF-8"?>
<!-- Generated by org.testng.reporters.JUnitReportReporter -->
<testsuite hostname="HP" failures="0" tests="2" name="com.jenkinPractice.Demo2" time="0.023" errors="0" timestamp="10 Apr 2022 17:22:02 GMT" skipped="0">
  <testcase classname="com.jenkinPractice.Demo2" name="g1" time="0.018"/>
  <testcase classname="com.jenkinPractice.Demo2" name="g2" time="0.005"/>
</testsuite> <!-- com.jenkinPractice.Demo2 -->
