<?xml version="1.0" encoding="UTF-8"?>
<!-- Generated by org.testng.reporters.JUnitReportReporter -->
<testsuite hostname="HP" failures="0" tests="2" name="com.jenkinPractice.Demo" time="0.021" errors="0" timestamp="10 Apr 2022 17:19:32 GMT" skipped="0">
  <testcase classname="com.jenkinPractice.Demo" name="j1" time="0.019"/>
  <testcase classname="com.jenkinPractice.Demo" name="j2" time="0.002"/>
</testsuite> <!-- com.jenkinPractice.Demo -->
